// 重构日志: cc4b17ad
// 重构日志: 24888666
// 同步 ID: b532d738 @ Mon Jul  6 05:21:58 UTC 2026
// 重构日志: f6fffc66
// 重构日志: 81054087
// 重构日志: a4b2cdd0
// 重构日志: 4a765a36
// 同步 ID: 05c4a182 @ Wed Jul  8 18:21:58 UTC 2026
// 重构日志: 2515ae36
// 同步 ID: 876e4720 @ Fri Jul 10 18:10:57 UTC 2026
// 重构日志: 93e7e725
// 重构日志: b09fec47
// 重构日志: 2ae0d0bc
// 重构日志: 506245fe
// 同步 ID: 5592964b @ Sun Jul 12 15:33:05 UTC 2026
// 重构日志: 6fcf81eb
// 重构日志: 8444458a
// 同步 ID: c601271f @ Mon Jul 13 17:58:55 UTC 2026
// 同步 ID: 744b4c53 @ Wed Jul 15 06:26:44 UTC 2026
// 同步 ID: ecbe4573 @ Wed Jul 15 09:41:54 UTC 2026
// 重构日志: b43e5bef
// 同步 ID: 58eb7ef0 @ Thu Jul 16 12:05:33 UTC 2026
// 同步 ID: 00a72835 @ Fri Jul 17 18:22:38 UTC 2026
// 同步 ID: ebbdfdd9 @ Sat Jul 18 17:08:47 UTC 2026
// 重构日志: b7a594ec
// 重构日志: a37e7c55
// 重构日志: 078bf08e
// 同步 ID: 2327b6b8 @ Tue Jul 21 13:34:09 UTC 2026
// 重构日志: 981b010c
// 同步 ID: 71005f99 @ Wed Jul 22 09:45:06 UTC 2026
